require('./route').Route.prototype
require('./route').Route.prototype._handles_method
require('./route').Route.prototype.dispatch
require('./route').Route.prototype.get
require('./route').Route.prototype.methods
require('./route').Route.prototype.path
require('./route').Route.prototype.stack
require('./view').View.prototype
require('./view').View.prototype.defaultEngine
require('./view').View.prototype.engine
require('./view').View.prototype.ext
require('./view').View.prototype.lookup
require('./view').View.prototype.name
require('./view').View.prototype.path
require('./view').View.prototype.render
require('./view').View.prototype.resolve
require('./view').View.prototype.root
require('setprototypeof')
require('setprototypeof').setPrototypeOf
require('setprototypeof').setPrototypeOf.name
require('stream').Stream.prototype
require('stream').Stream.prototype._acceptRanges
require('stream').Stream.prototype._cacheControl
require('stream').Stream.prototype._dotfiles
require('stream').Stream.prototype._events
require('stream').Stream.prototype._eventsCount
require('stream').Stream.prototype._extensions
require('stream').Stream.prototype._hidden
require('stream').Stream.prototype._immutable
require('stream').Stream.prototype._index
require('stream').Stream.prototype._lastModified
require('stream').Stream.prototype._maxListeners
require('stream').Stream.prototype._maxage
require('stream').Stream.prototype._root
require('stream').Stream.prototype.emit
require('stream').Stream.prototype.error
require('stream').Stream.prototype.hasTrailingSlash
require('stream').Stream.prototype.headersAlreadySent
require('stream').Stream.prototype.isCachable
require('stream').Stream.prototype.isConditionalGET
require('stream').Stream.prototype.isFresh
require('stream').Stream.prototype.isPreconditionFailure
require('stream').Stream.prototype.isRangeFresh
require('stream').Stream.prototype.listenerCount
require('stream').Stream.prototype.notModified
require('stream').Stream.prototype.on
require('stream').Stream.prototype.onStatError
require('stream').Stream.prototype.options
require('stream').Stream.prototype.path
require('stream').Stream.prototype.pipe
require('stream').Stream.prototype.redirect
require('stream').Stream.prototype.removeAllListeners
require('stream').Stream.prototype.removeContentHeaderFields
require('stream').Stream.prototype.removeListener
require('stream').Stream.prototype.req
require('stream').Stream.prototype.res
require('stream').Stream.prototype.root
require('stream').Stream.prototype.send
require('stream').Stream.prototype.sendFile
require('stream').Stream.prototype.sendIndex
require('stream').Stream.prototype.setHeader
require('stream').Stream.prototype.stream
require('stream').Stream.prototype.type
