require('./base').Base.prototype
require('./base').Base.prototype.BODY_SIZE
require('./base').Base.prototype.DEFAULT_ERROR_CODE
require('./base').Base.prototype.ERRORS
require('./base').Base.prototype.ERROR_CODES
require('./base').Base.prototype.EVENTS
require('./base').Base.prototype.FIN
require('./base').Base.prototype.LENGTH
require('./base').Base.prototype.MASK
require('./base').Base.prototype.MAX_LENGTH
require('./base').Base.prototype.MAX_RESERVED_ERROR
require('./base').Base.prototype.MESSAGE_OPCODES
require('./base').Base.prototype.MIN_RESERVED_ERROR
require('./base').Base.prototype.OPCODE
require('./base').Base.prototype.OPCODES
require('./base').Base.prototype.OPCODE_CODES
require('./base').Base.prototype.OPENING_OPCODES
require('./base').Base.prototype.RSV1
require('./base').Base.prototype.RSV2
require('./base').Base.prototype.RSV3
require('./base').Base.prototype.UTF8_MATCH
require('./base').Base.prototype.VALID_PROTOCOLS
require('./base').Base.prototype.__queue
require('./base').Base.prototype._bindEventListeners
require('./base').Base.prototype._checkFrameLength
require('./base').Base.prototype._emitFrame
require('./base').Base.prototype._emitMessage
require('./base').Base.prototype._encode
require('./base').Base.prototype._events
require('./base').Base.prototype._eventsCount
require('./base').Base.prototype._extensions
require('./base').Base.prototype._fail
require('./base').Base.prototype._failHandshake
require('./base').Base.prototype._frame
require('./base').Base.prototype._handshakeRequest
require('./base').Base.prototype._handshakeResponse
require('./base').Base.prototype._handshakeSignature
require('./base').Base.prototype._headers
require('./base').Base.prototype._masking
require('./base').Base.prototype._maxLength
require('./base').Base.prototype._maxListeners
require('./base').Base.prototype._message
require('./base').Base.prototype._open
require('./base').Base.prototype._options
require('./base').Base.prototype._parseExtendedLength
require('./base').Base.prototype._parseLeadingByte
require('./base').Base.prototype._parseLength
require('./base').Base.prototype._parseOpcode
require('./base').Base.prototype._pingCallbacks
require('./base').Base.prototype._protocols
require('./base').Base.prototype._readUInt
require('./base').Base.prototype._reader
require('./base').Base.prototype._request
require('./base').Base.prototype._requireMasking
require('./base').Base.prototype._sendFrame
require('./base').Base.prototype._sendHandshakeBody
require('./base').Base.prototype._shutdown
require('./base').Base.prototype._stage
require('./base').Base.prototype._validateHandshake
require('./base').Base.prototype._write
require('./base').Base.prototype.addExtension
require('./base').Base.prototype.binary
require('./base').Base.prototype.close
require('./base').Base.prototype.emit
require('./base').Base.prototype.frame
require('./base').Base.prototype.io
require('./base').Base.prototype.messages
require('./base').Base.prototype.on
require('./base').Base.prototype.parse
require('./base').Base.prototype.ping
require('./base').Base.prototype.pong
require('./base').Base.prototype.proxy
require('./base').Base.prototype.readyState
require('./base').Base.prototype.setHeader
require('./base').Base.prototype.start
require('./base').Base.prototype.text
require('./base').Base.prototype.url
require('./base').Base.prototype.version
require('./draft75').Draft75.prototype
require('./draft75').Draft75.prototype.BODY_SIZE
require('./draft75').Draft75.prototype._handshakeResponse
require('./draft75').Draft75.prototype._handshakeSignature
require('./draft75').Draft75.prototype._parseLeadingByte
require('./draft75').Draft75.prototype._sendHandshakeBody
require('./draft75').Draft75.prototype.close
require('./draft75').Draft75.prototype.start
require('./headers').Headers.prototype
require('./headers').Headers.prototype._lines
require('./headers').Headers.prototype._sent
require('./headers').Headers.prototype._strip
require('./headers').Headers.prototype.clear
require('./headers').Headers.prototype.set
require('./hybi').Hybi.prototype
require('./hybi').Hybi.prototype.FIN
require('./hybi').Hybi.prototype.LENGTH
require('./hybi').Hybi.prototype.MASK
require('./hybi').Hybi.prototype.MAX_LENGTH
require('./hybi').Hybi.prototype.MESSAGE_OPCODES
require('./hybi').Hybi.prototype.MESSAGE_OPCODES.0
require('./hybi').Hybi.prototype.MESSAGE_OPCODES.1
require('./hybi').Hybi.prototype.MESSAGE_OPCODES.2
require('./hybi').Hybi.prototype.MESSAGE_OPCODES.indexOf
require('./hybi').Hybi.prototype.MESSAGE_OPCODES.length
require('./hybi').Hybi.prototype.OPCODE
require('./hybi').Hybi.prototype.OPCODES
require('./hybi').Hybi.prototype.OPCODES.close
require('./hybi').Hybi.prototype.OPCODES.continuation
require('./hybi').Hybi.prototype.OPCODES.text
require('./hybi').Hybi.prototype.OPCODE_CODES
require('./hybi').Hybi.prototype.OPCODE_CODES.0
require('./hybi').Hybi.prototype.OPCODE_CODES.1
require('./hybi').Hybi.prototype.OPCODE_CODES.indexOf
require('./hybi').Hybi.prototype.OPCODE_CODES.length
require('./hybi').Hybi.prototype.RSV1
require('./hybi').Hybi.prototype.RSV2
require('./hybi').Hybi.prototype.RSV3
require('./hybi').Hybi.prototype.VALID_PROTOCOLS
require('./hybi').Hybi.prototype.__queue
require('./hybi').Hybi.prototype._checkFrameLength
require('./hybi').Hybi.prototype._emitFrame
require('./hybi').Hybi.prototype._emitMessage
require('./hybi').Hybi.prototype._encode
require('./hybi').Hybi.prototype._events
require('./hybi').Hybi.prototype._eventsCount
require('./hybi').Hybi.prototype._extensions
require('./hybi').Hybi.prototype._failHandshake
require('./hybi').Hybi.prototype._frame
require('./hybi').Hybi.prototype._handshakeRequest
require('./hybi').Hybi.prototype._handshakeResponse
require('./hybi').Hybi.prototype._headers
require('./hybi').Hybi.prototype._masking
require('./hybi').Hybi.prototype._maxLength
require('./hybi').Hybi.prototype._maxListeners
require('./hybi').Hybi.prototype._message
require('./hybi').Hybi.prototype._options
require('./hybi').Hybi.prototype._parseLength
require('./hybi').Hybi.prototype._parseOpcode
require('./hybi').Hybi.prototype._pingCallbacks
require('./hybi').Hybi.prototype._protocols
require('./hybi').Hybi.prototype._reader
require('./hybi').Hybi.prototype._request
require('./hybi').Hybi.prototype._requireMasking
require('./hybi').Hybi.prototype._sendFrame
require('./hybi').Hybi.prototype._stage
require('./hybi').Hybi.prototype._validateHandshake
require('./hybi').Hybi.prototype.close
require('./hybi').Hybi.prototype.frame
require('./hybi').Hybi.prototype.io
require('./hybi').Hybi.prototype.messages
require('./hybi').Hybi.prototype.parse
require('./hybi').Hybi.prototype.proxy
require('./hybi').Hybi.prototype.readyState
require('./hybi').Hybi.prototype.start
require('./hybi').Hybi.prototype.text
require('./hybi').Hybi.prototype.url
require('./hybi').Hybi.prototype.version
require('./hybi/frame').Frame.prototype
require('./hybi/frame').Frame.prototype.final
require('./hybi/frame').Frame.prototype.length
require('./hybi/frame').Frame.prototype.masked
require('./hybi/frame').Frame.prototype.maskingKey
require('./hybi/frame').Frame.prototype.opcode
require('./hybi/frame').Frame.prototype.payload
require('./hybi/frame').Frame.prototype.rsv1
require('./hybi/frame').Frame.prototype.rsv2
require('./hybi/frame').Frame.prototype.rsv3
require('./hybi/message').Message.prototype
require('./hybi/message').Message.prototype._chunks
require('./hybi/message').Message.prototype.data
require('./hybi/message').Message.prototype.length
require('./hybi/message').Message.prototype.opcode
require('./hybi/message').Message.prototype.pushFrame
require('./hybi/message').Message.prototype.read
require('./hybi/message').Message.prototype.rsv1
require('./hybi/message').Message.prototype.rsv2
require('./hybi/message').Message.prototype.rsv3
require('./pipeline').Pipeline.prototype
require('./pipeline').Pipeline.prototype._cells
require('./pipeline').Pipeline.prototype._loop
require('./pipeline').Pipeline.prototype._stopped
require('./pipeline').Pipeline.prototype.close
require('./pipeline').Pipeline.prototype.processIncomingMessage
require('./pipeline').Pipeline.prototype.processOutgoingMessage
require('./ring_buffer').RingBuffer.prototype
require('./ring_buffer').RingBuffer.prototype._buffer
require('./ring_buffer').RingBuffer.prototype._bufferSize
require('./ring_buffer').RingBuffer.prototype._head
require('./ring_buffer').RingBuffer.prototype._ringOffset
require('./ring_buffer').RingBuffer.prototype._ringSize
require('./ring_buffer').RingBuffer.prototype._tail
require('./ring_buffer').RingBuffer.prototype.clear
require('./ring_buffer').RingBuffer.prototype.length
require('./ring_buffer').RingBuffer.prototype.shift
require('./route').Route.prototype
require('./route').Route.prototype._handles_method
require('./route').Route.prototype.dispatch
require('./route').Route.prototype.get
require('./route').Route.prototype.methods
require('./route').Route.prototype.path
require('./route').Route.prototype.stack
require('./stream_reader').StreamReader.prototype
require('./stream_reader').StreamReader.prototype._offset
require('./stream_reader').StreamReader.prototype._queue
require('./stream_reader').StreamReader.prototype._queueSize
require('./stream_reader').StreamReader.prototype.put
require('./stream_reader').StreamReader.prototype.read
require('./view').View.prototype
require('./view').View.prototype.defaultEngine
require('./view').View.prototype.engine
require('./view').View.prototype.ext
require('./view').View.prototype.lookup
require('./view').View.prototype.name
require('./view').View.prototype.path
require('./view').View.prototype.render
require('./view').View.prototype.resolve
require('./view').View.prototype.root
require('./websocket/api').API.prototype
require('./websocket/api').API.prototype._configureStream
require('./websocket/api').API.prototype._driver
require('./websocket/api').API.prototype._emitError
require('./websocket/api').API.prototype._events
require('./websocket/api').API.prototype._eventsCount
require('./websocket/api').API.prototype._finalizeClose
require('./websocket/api').API.prototype._open
require('./websocket/api').API.prototype._ping
require('./websocket/api').API.prototype._pingId
require('./websocket/api').API.prototype._receiveMessage
require('./websocket/api').API.prototype._stream
require('./websocket/api').API.prototype.addEventListener
require('./websocket/api').API.prototype.bufferedAmount
require('./websocket/api').API.prototype.close
require('./websocket/api').API.prototype.dispatchEvent
require('./websocket/api').API.prototype.onopen
require('./websocket/api').API.prototype.protocol
require('./websocket/api').API.prototype.readable
require('./websocket/api').API.prototype.readyState
require('./websocket/api').API.prototype.removeEventListener
require('./websocket/api').API.prototype.send
require('./websocket/api').API.prototype.url
require('./websocket/api').API.prototype.version
require('./websocket/api').API.prototype.writable
require('setprototypeof').setPrototypeOf
require('stream').Stream.prototype
require('stream').Stream.prototype._acceptRanges
require('stream').Stream.prototype._cacheControl
require('stream').Stream.prototype._dotfiles
require('stream').Stream.prototype._driver
require('stream').Stream.prototype._events
require('stream').Stream.prototype._eventsCount
require('stream').Stream.prototype._extensions
require('stream').Stream.prototype._hidden
require('stream').Stream.prototype._immutable
require('stream').Stream.prototype._index
require('stream').Stream.prototype._lastModified
require('stream').Stream.prototype._maxListeners
require('stream').Stream.prototype._maxage
require('stream').Stream.prototype._paused
require('stream').Stream.prototype._ping
require('stream').Stream.prototype._pingId
require('stream').Stream.prototype._root
require('stream').Stream.prototype._session
require('stream').Stream.prototype._stream
require('stream').Stream.prototype.address
require('stream').Stream.prototype.bufferedAmount
require('stream').Stream.prototype.destroy
require('stream').Stream.prototype.emit
require('stream').Stream.prototype.end
require('stream').Stream.prototype.headers
require('stream').Stream.prototype.id
require('stream').Stream.prototype.listenerCount
require('stream').Stream.prototype.on
require('stream').Stream.prototype.once
require('stream').Stream.prototype.options
require('stream').Stream.prototype.path
require('stream').Stream.prototype.pathname
require('stream').Stream.prototype.pause
require('stream').Stream.prototype.pipe
require('stream').Stream.prototype.prefix
require('stream').Stream.prototype.prependListener
require('stream').Stream.prototype.protocol
require('stream').Stream.prototype.readable
require('stream').Stream.prototype.readyState
require('stream').Stream.prototype.remoteAddress
require('stream').Stream.prototype.remotePort
require('stream').Stream.prototype.removeAllListeners
require('stream').Stream.prototype.removeListener
require('stream').Stream.prototype.req
require('stream').Stream.prototype.res
require('stream').Stream.prototype.resume
require('stream').Stream.prototype.setHeader
require('stream').Stream.prototype.start
require('stream').Stream.prototype.url
require('stream').Stream.prototype.version
require('stream').Stream.prototype.writable
require('stream').Stream.prototype.write
require('websocket-extensions').Extensions.prototype
require('websocket-extensions').Extensions.prototype._byName
require('websocket-extensions').Extensions.prototype._inOrder
require('websocket-extensions').Extensions.prototype._index
require('websocket-extensions').Extensions.prototype._pipeline
require('websocket-extensions').Extensions.prototype._rsv1
require('websocket-extensions').Extensions.prototype._rsv2
require('websocket-extensions').Extensions.prototype._rsv3
require('websocket-extensions').Extensions.prototype._sessions
require('websocket-extensions').Extensions.prototype.close
require('websocket-extensions').Extensions.prototype.generateResponse
require('websocket-extensions').Extensions.prototype.processIncomingMessage
require('websocket-extensions').Extensions.prototype.processOutgoingMessage
require('websocket-extensions').Extensions.prototype.validFrameRsv
